2024-06-08 00:04:59 [info]: Clients search results for query: chr
2024-06-08 00:04:59 [info]: Clients search results for query: chri
2024-06-08 00:04:59 [info]: Clients search results for query: chris
2024-06-08 00:13:43 [info]: Clients search results for query: chr
2024-06-08 00:13:43 [info]: Clients search results for query: chri
2024-06-08 00:13:43 [info]: Clients search results for query: chris
2024-06-08 00:20:47 [info]: Clients search results for query: chr
2024-06-08 00:20:47 [info]: Clients search results for query: chri
2024-06-08 00:20:47 [info]: Clients search results for query: chris
2024-06-08 00:23:26 [info]: Clients search results for query: chr
2024-06-08 00:25:38 [info]: Clients search results for query: chr
2024-06-08 00:25:38 [info]: Clients search results for query: chri
2024-06-08 00:25:38 [info]: Clients search results for query: chris
2024-06-08 00:26:42 [info]: Clients search results for query: chr
2024-06-08 00:27:50 [info]: Clients search results for query: chr
2024-06-08 14:55:51 [info]: Clients search results for query: chr
2024-06-08 14:55:51 [info]: Clients search results for query: chri
2024-06-08 14:55:51 [info]: Clients search results for query: chris
2024-06-08 15:12:38 [info]: Clients search results for query: chr
2024-06-08 15:12:38 [info]: Clients search results for query: chri
2024-06-08 15:12:38 [info]: Clients search results for query: chris
2024-06-08 15:15:34 [info]: Clients search results for query: Chr
2024-06-08 15:15:34 [info]: Clients search results for query: Chri
2024-06-08 15:15:34 [info]: Clients search results for query: Chris
2024-06-08 15:16:03 [info]: Clients search results for query: Chr
2024-06-08 15:16:03 [info]: Clients search results for query: Chri
2024-06-08 15:16:03 [info]: Clients search results for query: Chris
2024-06-08 15:20:36 [info]: Clients search results for query: chr
2024-06-08 15:20:36 [info]: Clients search results for query: chri
2024-06-08 15:20:36 [info]: Clients search results for query: chris
2024-06-08 15:31:53 [info]: Clients search results for query: chr
2024-06-08 15:31:53 [info]: Clients search results for query: chri
2024-06-08 15:31:53 [info]: Clients search results for query: chris
2024-06-08 16:29:04 [info]: Clients search results for query: Chr
2024-06-08 16:29:04 [info]: Clients search results for query: Chri
2024-06-08 16:29:04 [info]: Clients search results for query: Chris
2024-06-08 16:32:31 [info]: Clients search results for query: asd
2024-06-08 16:32:31 [info]: Clients search results for query: asdf
2024-06-08 16:32:32 [info]: Clients search results for query: asd
2024-06-08 16:32:33 [info]: Clients search results for query: Chr
2024-06-08 16:32:34 [info]: Clients search results for query: Chri
2024-06-08 16:32:34 [info]: Clients search results for query: Chris
2024-06-08 16:32:41 [info]: Clients search results for query: sad
2024-06-08 16:32:41 [info]: Clients search results for query: sadf
2024-06-08 16:33:11 [info]: Client updated successfully: Greb
2024-06-08 16:34:43 [info]: Clients search results for query: gre
2024-06-08 16:37:23 [info]: Clients search results for query: gre
2024-06-08 16:37:23 [info]: Clients search results for query: greb
2024-06-08 16:41:52 [info]: Clients search results for query: gre
2024-06-08 16:41:52 [info]: Clients search results for query: greb
2024-06-08 21:34:17 [info]: Clients search results for query: gre
2024-06-08 21:34:17 [info]: Clients search results for query: greb
2024-06-08 22:01:58 [info]: Clients search results for query: gre
2024-06-08 22:16:49 [info]: Clients search results for query: gre
2024-06-08 22:16:49 [info]: Clients search results for query: greb
2024-06-08 22:24:05 [info]: Clients search results for query: asd
2024-06-08 22:24:05 [info]: Clients search results for query: asdf
2024-06-08 22:24:06 [info]: Clients search results for query: asd
2024-06-08 22:24:07 [info]: Clients search results for query: gre
2024-06-08 22:33:59 [info]: Clients search results for query: gre
2024-06-08 22:39:33 [info]: Client updated successfully: Macy Vaught
