2024-05-27 18:11:41 [info]: Server running at http://localhost:3000
2024-05-27 18:11:41 [info]: Database connected successfully
2024-05-27 18:13:13 [info]: Server running at http://localhost:3000
2024-05-27 18:13:13 [info]: Database connected successfully
2024-05-27 18:13:17 [info]: Session accessed again, Views: 778
2024-05-27 18:13:29 [info]: Session accessed again, Views: 779
2024-05-27 18:15:08 [info]: Server running at http://localhost:3000
2024-05-27 18:15:08 [info]: Database connected successfully
2024-05-27 18:16:54 [info]: Server running at http://localhost:3000
2024-05-27 18:16:54 [info]: Database connected successfully
2024-05-27 18:16:58 [info]: Session accessed again, Views: 780
2024-05-27 18:16:58 [info]: Session accessed again, Views: 781
2024-05-27 18:16:58 [info]: Session accessed again, Views: 782
2024-05-27 18:17:10 [info]: Session accessed again, Views: 783
2024-05-27 18:17:10 [info]: Clients search results for query: Chr
2024-05-27 18:17:10 [info]: Session accessed again, Views: 784
2024-05-27 18:17:10 [info]: Clients search results for query: Chri
2024-05-27 18:17:10 [info]: Session accessed again, Views: 785
2024-05-27 18:17:10 [info]: Clients search results for query: Chris
2024-05-27 18:17:19 [info]: Session accessed again, Views: 786
2024-05-27 18:21:09 [info]: Server running at http://localhost:3000
2024-05-27 18:21:09 [info]: Database connected successfully
2024-05-27 18:21:14 [info]: Server running at http://localhost:3000
2024-05-27 18:21:14 [info]: Database connected successfully
2024-05-27 18:22:19 [info]: Server running at http://localhost:3000
2024-05-27 18:22:19 [info]: Database connected successfully
2024-05-27 18:22:27 [info]: Server running at http://localhost:3000
2024-05-27 18:22:27 [info]: Database connected successfully
2024-05-27 18:24:14 [info]: Server running at http://localhost:3000
2024-05-27 18:24:14 [info]: Database connected successfully
2024-05-27 18:24:15 [info]: Server running at http://localhost:3000
2024-05-27 18:24:15 [info]: Database connected successfully
2024-05-27 18:24:23 [info]: Session accessed again, Views: 787
2024-05-27 18:24:23 [info]: Session accessed again, Views: 788
2024-05-27 18:24:23 [info]: Session accessed again, Views: 789
2024-05-27 18:26:44 [info]: Server running at http://localhost:3000
2024-05-27 18:26:44 [info]: Database connected successfully
2024-05-27 18:26:47 [info]: Session accessed again, Views: 790
2024-05-27 18:26:48 [info]: Session accessed again, Views: 791
2024-05-27 18:26:48 [info]: Session accessed again, Views: 792
2024-05-27 18:27:16 [info]: Server running at http://localhost:3000
2024-05-27 18:27:16 [info]: Database connected successfully
2024-05-27 18:27:19 [info]: Session accessed again, Views: 793
2024-05-27 18:27:19 [info]: Session accessed again, Views: 794
2024-05-27 18:27:19 [info]: Session accessed again, Views: 795
2024-05-27 18:32:11 [info]: Session created
2024-05-27 18:32:48 [info]: Session accessed again, Views: 2
2024-05-27 22:44:19 [info]: Fetched 2 quotes
2024-05-27 22:44:19 [error]: TypeError: Cannot read properties of undefined (reading 'status')
    at exports.getQuotes (C:\Users\Chris\Documents\Code\gpt-pilot\workspace\cleaning-tools\controllers\quoteController.js:60:9)
    at process.processTicksAndRejections (node:internal/process/task_queues:95:5)
    at async C:\Users\Chris\Documents\Code\gpt-pilot\workspace\cleaning-tools\routes\quoteRoutes.js:12:20
2024-05-27 22:47:53 [info]: Fetched 2 quotes
2024-05-27 22:47:53 [error]: TypeError: Cannot read properties of undefined (reading 'status')
    at exports.getQuotes (C:\Users\Chris\Documents\Code\gpt-pilot\workspace\cleaning-tools\controllers\quoteController.js:60:9)
    at process.processTicksAndRejections (node:internal/process/task_queues:95:5)
    at async C:\Users\Chris\Documents\Code\gpt-pilot\workspace\cleaning-tools\routes\quoteRoutes.js:12:20
2024-05-27 22:54:43 [info]: Fetched 2 quotes
2024-05-27 22:54:43 [error]: TypeError: Cannot read properties of undefined (reading 'status')
    at exports.getQuotes (C:\Users\Chris\Documents\Code\gpt-pilot\workspace\cleaning-tools\controllers\quoteController.js:60:9)
    at process.processTicksAndRejections (node:internal/process/task_queues:95:5)
    at async C:\Users\Chris\Documents\Code\gpt-pilot\workspace\cleaning-tools\routes\quoteRoutes.js:12:20
2024-05-27 23:02:25 [info]: Fetched 2 quotes
2024-05-27 23:02:25 [error]: TypeError: Cannot read properties of undefined (reading 'status')
    at exports.getQuotes (C:\Users\Chris\Documents\Code\gpt-pilot\workspace\cleaning-tools\controllers\quoteController.js:60:9)
    at process.processTicksAndRejections (node:internal/process/task_queues:95:5)
    at async C:\Users\Chris\Documents\Code\gpt-pilot\workspace\cleaning-tools\routes\quoteRoutes.js:12:20
2024-05-27 23:03:10 [info]: Fetched 2 quotes
2024-05-27 23:03:10 [error]: TypeError: Cannot read properties of undefined (reading 'status')
    at exports.getQuotes (C:\Users\Chris\Documents\Code\gpt-pilot\workspace\cleaning-tools\controllers\quoteController.js:60:9)
    at process.processTicksAndRejections (node:internal/process/task_queues:95:5)
    at async C:\Users\Chris\Documents\Code\gpt-pilot\workspace\cleaning-tools\routes\quoteRoutes.js:12:20
2024-05-27 23:05:05 [info]: Fetched 2 quotes
2024-05-27 23:05:05 [error]: TypeError: Cannot read properties of undefined (reading 'status')
    at exports.getQuotes (C:\Users\Chris\Documents\Code\gpt-pilot\workspace\cleaning-tools\controllers\quoteController.js:60:9)
    at process.processTicksAndRejections (node:internal/process/task_queues:95:5)
    at async C:\Users\Chris\Documents\Code\gpt-pilot\workspace\cleaning-tools\routes\quoteRoutes.js:12:20
2024-05-27 23:09:50 [info]: Fetched 2 quotes
2024-05-27 23:09:50 [error]: TypeError: Cannot read properties of undefined (reading 'status')
    at exports.getQuotes (C:\Users\Chris\Documents\Code\gpt-pilot\workspace\cleaning-tools\controllers\quoteController.js:64:9)
    at process.processTicksAndRejections (node:internal/process/task_queues:95:5)
    at async C:\Users\Chris\Documents\Code\gpt-pilot\workspace\cleaning-tools\routes\quoteRoutes.js:12:20
2024-05-27 23:17:03 [info]: Fetched 2 quotes
2024-05-27 23:17:03 [error]: TypeError: Cannot read properties of undefined (reading 'status')
    at exports.getQuotes (C:\Users\Chris\Documents\Code\gpt-pilot\workspace\cleaning-tools\controllers\quoteController.js:69:9)
    at process.processTicksAndRejections (node:internal/process/task_queues:95:5)
    at async C:\Users\Chris\Documents\Code\gpt-pilot\workspace\cleaning-tools\routes\quoteRoutes.js:12:20
2024-05-27 23:19:30 [info]: Fetched 2 quotes
2024-05-27 23:19:30 [error]: TypeError: Cannot read properties of undefined (reading 'status')
    at exports.getQuotes (C:\Users\Chris\Documents\Code\gpt-pilot\workspace\cleaning-tools\controllers\quoteController.js:67:9)
    at process.processTicksAndRejections (node:internal/process/task_queues:95:5)
    at async C:\Users\Chris\Documents\Code\gpt-pilot\workspace\cleaning-tools\routes\quoteRoutes.js:12:20
2024-05-27 23:19:43 [info]: Fetched 2 quotes
2024-05-27 23:26:36 [info]: Fetched 2 quotes
2024-05-27 23:26:36 [error]: TypeError: Cannot read properties of undefined (reading 'status')
    at exports.getQuotes (C:\Users\Chris\Documents\Code\gpt-pilot\workspace\cleaning-tools\controllers\quoteController.js:67:9)
    at process.processTicksAndRejections (node:internal/process/task_queues:95:5)
    at async C:\Users\Chris\Documents\Code\gpt-pilot\workspace\cleaning-tools\routes\quoteRoutes.js:12:20
2024-05-27 23:26:41 [info]: Fetched 2 quotes
2024-05-27 23:26:50 [info]: Fetched 2 quotes
2024-05-27 23:27:24 [info]: Fetched 2 quotes
2024-05-27 23:28:42 [info]: Fetched 2 quotes
2024-05-27 23:29:34 [info]: Fetched 2 quotes
2024-05-27 23:32:25 [info]: Fetched 2 quotes
2024-05-27 23:38:25 [info]: Clients search results for query: hel
2024-05-27 23:38:28 [info]: Clients search results for query: Chr
2024-05-27 23:38:28 [info]: Clients search results for query: Chri
2024-05-27 23:38:28 [info]: Clients search results for query: Chris
2024-05-27 23:51:31 [info]: Clients search results for query: Chr
2024-05-27 23:51:31 [info]: Clients search results for query: Chri
2024-05-27 23:51:31 [info]: Clients search results for query: Chris
2024-05-27 23:52:59 [info]: Clients search results for query: chr
2024-05-27 23:52:59 [info]: Clients search results for query: chri
2024-05-27 23:52:59 [info]: Clients search results for query: chris
2024-05-27 23:57:08 [info]: Clients search results for query: Chr
2024-05-27 23:57:08 [info]: Clients search results for query: Chri
2024-05-27 23:57:08 [info]: Clients search results for query: Chris
2024-05-28 00:12:28 [info]: Clients search results for query: chr
2024-05-28 00:12:28 [info]: Clients search results for query: chri
2024-05-28 00:12:39 [info]: Clients search results for query: Chr
2024-05-28 00:12:39 [info]: Clients search results for query: Chri
2024-05-28 00:12:39 [info]: Clients search results for query: Chris
2024-05-28 00:12:39 [info]: Clients search results for query: Chris
2024-05-28 00:12:40 [info]: Clients search results for query: Chris W
2024-05-28 00:15:31 [info]: Clients search results for query: Chr
2024-05-28 00:15:31 [info]: Clients search results for query: Chri
2024-05-28 00:15:31 [info]: Clients search results for query: Chris
2024-05-28 00:18:02 [info]: Clients search results for query: Chr
2024-05-28 00:18:02 [info]: Clients search results for query: Chri
2024-05-28 00:18:02 [info]: Clients search results for query: Chris
2024-05-28 00:24:56 [info]: Clients search results for query: Chr
2024-05-28 00:24:56 [info]: Clients search results for query: Chri
2024-05-28 00:24:56 [info]: Clients search results for query: Chris
2024-05-28 00:25:15 [info]: Clients search results for query: Chr
2024-05-28 00:25:15 [info]: Clients search results for query: Chri
2024-05-28 00:25:15 [info]: Clients search results for query: Chris
2024-05-28 00:25:26 [info]: Clients search results for query: Chris
2024-05-28 00:25:26 [info]: Clients search results for query: Chris P
2024-05-28 00:41:02 [info]: Clients search results for query: chr
2024-05-28 00:41:02 [info]: Clients search results for query: chri
2024-05-28 00:41:02 [info]: Clients search results for query: chris
2024-05-28 12:26:05 [info]: Clients search results for query: chr
2024-05-28 12:38:47 [info]: Clients search results for query: chr
2024-05-28 12:38:47 [info]: Clients search results for query: chri
2024-05-28 12:38:47 [info]: Clients search results for query: chris
2024-05-28 12:38:48 [info]: Clients search results for query: chris
2024-05-28 12:38:48 [info]: Clients search results for query: chris w
2024-05-28 12:38:48 [info]: Clients search results for query: chris wi
2024-05-28 12:39:37 [info]: Clients search results for query: chr
2024-05-28 12:39:37 [info]: Clients search results for query: chri
2024-05-28 12:39:37 [info]: Clients search results for query: chris
2024-05-28 12:39:47 [info]: Clients search results for query: chr
2024-05-28 12:39:47 [info]: Clients search results for query: chri
2024-05-28 12:39:47 [info]: Clients search results for query: chris
2024-05-28 12:41:04 [info]: Clients search results for query: chr
2024-05-28 12:41:04 [info]: Clients search results for query: chri
2024-05-28 12:41:04 [info]: Clients search results for query: chris
2024-05-28 13:58:45 [info]: Clients search results for query: chr
2024-05-28 13:58:45 [info]: Clients search results for query: chri
2024-05-28 13:58:45 [info]: Clients search results for query: chris
2024-05-28 14:34:09 [info]: Clients search results for query: chr
2024-05-28 14:40:54 [info]: Clients search results for query: chr
2024-05-28 14:40:54 [info]: Clients search results for query: chri
2024-05-28 14:40:54 [info]: Clients search results for query: chris
2024-05-28 14:53:44 [info]: Clients search results for query: Thi
2024-05-28 14:53:44 [info]: Clients search results for query: This
2024-05-28 15:04:33 [info]: Clients search results for query: Chr
2024-05-28 15:04:34 [info]: Clients search results for query: Chri
2024-05-28 15:04:34 [info]: Clients search results for query: Chris
2024-05-28 15:12:59 [info]: Clients search results for query: Chr
2024-05-28 15:12:59 [info]: Clients search results for query: Chri
2024-05-28 15:12:59 [info]: Clients search results for query: Chris
2024-05-28 15:18:06 [info]: Client updated successfully: Test Clients 1
2024-05-28 15:18:18 [info]: Clients search results for query: Thi
2024-05-28 15:18:18 [info]: Clients search results for query: This
2024-05-28 15:18:19 [info]: Clients search results for query: Thi
2024-05-28 15:18:28 [info]: Client updated successfully: This
2024-05-28 15:20:09 [info]: Clients search results for query: Chr
2024-05-28 15:20:09 [info]: Clients search results for query: Chri
2024-05-28 15:20:09 [info]: Clients search results for query: Chris
2024-05-28 15:20:15 [info]: Client updated successfully: Chris Wilson
2024-05-28 15:40:04 [info]: Clients search results for query: Chr
2024-05-28 15:40:04 [info]: Clients search results for query: Chri
2024-05-28 15:40:05 [info]: Clients search results for query: Chris
2024-05-28 15:40:13 [info]: Client updated successfully: Chris Wilson
2024-05-28 16:14:12 [info]: Clients search results for query: Chr
2024-05-28 16:14:12 [info]: Clients search results for query: Chr
2024-05-28 16:14:13 [info]: Clients search results for query: Chri
2024-05-28 16:14:13 [info]: Clients search results for query: Chri
2024-05-28 16:14:13 [info]: Clients search results for query: Chris
2024-05-28 16:14:13 [info]: Clients search results for query: Chris
2024-05-28 16:30:16 [info]: Clients search results for query: Chr
2024-05-28 16:30:16 [info]: Clients search results for query: Chr
2024-05-28 16:30:17 [info]: Clients search results for query: Chri
2024-05-28 16:30:17 [info]: Clients search results for query: Chri
2024-05-28 16:30:17 [info]: Clients search results for query: Chris
2024-05-28 16:30:17 [info]: Clients search results for query: Chris
2024-05-28 22:17:13 [info]: Clients search results for query: Kyl
2024-05-28 22:17:13 [info]: Clients search results for query: Kyl
2024-05-28 22:17:14 [info]: Clients search results for query: Kyle
2024-05-28 22:17:14 [info]: Clients search results for query: Kyle
2024-05-28 22:17:39 [info]: New client created: Carl Dates
2024-05-28 22:23:44 [info]: Client updated successfully: Test Clients 1
2024-05-28 22:23:50 [info]: Client updated successfully: Test Clients 1
2024-05-28 22:24:17 [info]: New client created: Charles
2024-05-28 22:28:46 [info]: Clients search results for query: cre
2024-05-28 22:28:46 [info]: Clients search results for query: cre
2024-05-28 22:28:46 [info]: Clients search results for query: crea
2024-05-28 22:28:46 [info]: Clients search results for query: crea
2024-05-28 22:28:47 [info]: Clients search results for query: creat
2024-05-28 22:28:47 [info]: Clients search results for query: creat
2024-05-28 22:28:47 [info]: Clients search results for query: crea
2024-05-28 22:28:47 [info]: Clients search results for query: crea
2024-05-28 22:28:48 [info]: Clients search results for query: cre
2024-05-28 22:28:48 [info]: Clients search results for query: cre
2024-05-28 22:28:48 [info]: Clients search results for query: chr
2024-05-28 22:28:48 [info]: Clients search results for query: chr
2024-05-28 22:28:48 [info]: Clients search results for query: chri
2024-05-28 22:28:48 [info]: Clients search results for query: chri
2024-05-28 22:28:48 [info]: Clients search results for query: chris
2024-05-28 22:28:48 [info]: Clients search results for query: chris
2024-05-28 22:28:54 [info]: Client updated successfully: Chris Wilson
2024-05-28 22:28:54 [info]: Client updated successfully: Chris Wilson
2024-05-28 22:30:34 [info]: Clients search results for query: chr
2024-05-28 22:30:34 [info]: Clients search results for query: chr
2024-05-28 22:30:34 [info]: Clients search results for query: chri
2024-05-28 22:30:34 [info]: Clients search results for query: chri
2024-05-28 22:30:35 [info]: Clients search results for query: chris
2024-05-28 22:30:35 [info]: Clients search results for query: chris
2024-05-28 22:30:58 [info]: Clients search results for query: chi
2024-05-28 22:30:58 [info]: Clients search results for query: chi
2024-05-28 22:30:58 [info]: Clients search results for query: chir
2024-05-28 22:30:58 [info]: Clients search results for query: chir
2024-05-28 22:30:58 [info]: Clients search results for query: chirs
2024-05-28 22:30:58 [info]: Clients search results for query: chirs
2024-05-28 22:31:00 [info]: Clients search results for query: chir
2024-05-28 22:31:00 [info]: Clients search results for query: chir
2024-05-28 22:31:00 [info]: Clients search results for query: chi
2024-05-28 22:31:00 [info]: Clients search results for query: chi
2024-05-28 22:31:00 [info]: Clients search results for query: chr
2024-05-28 22:31:00 [info]: Clients search results for query: chr
2024-05-28 22:51:56 [info]: Clients search results for query: Chr
2024-05-28 22:51:56 [info]: Clients search results for query: Chr
2024-05-28 22:51:56 [info]: Clients search results for query: Chri
2024-05-28 22:51:56 [info]: Clients search results for query: Chri
2024-05-28 22:51:56 [info]: Clients search results for query: Chris
2024-05-28 22:51:56 [info]: Clients search results for query: Chris
2024-05-28 22:52:04 [info]: Client updated successfully: Chris Wilson
2024-05-28 22:52:04 [info]: Client updated successfully: Chris Wilson
2024-05-28 22:55:32 [info]: Clients search results for query: Chr
2024-05-28 22:55:32 [info]: Clients search results for query: Chr
2024-05-28 22:55:32 [info]: Clients search results for query: Chri
2024-05-28 22:55:32 [info]: Clients search results for query: Chri
2024-05-28 22:55:32 [info]: Clients search results for query: Chris
2024-05-28 22:55:32 [info]: Clients search results for query: Chris
2024-05-28 22:56:11 [info]: Clients search results for query: chr
2024-05-28 22:56:11 [info]: Clients search results for query: chr
2024-05-28 22:56:11 [info]: Clients search results for query: chri
2024-05-28 22:56:11 [info]: Clients search results for query: chri
2024-05-28 22:56:11 [info]: Clients search results for query: chris
2024-05-28 22:56:11 [info]: Clients search results for query: chris
2024-05-28 23:17:22 [info]: Clients search results for query: Chr
2024-05-28 23:17:22 [info]: Clients search results for query: Chr
2024-05-28 23:17:22 [info]: Clients search results for query: Chri
2024-05-28 23:17:22 [info]: Clients search results for query: Chri
2024-05-28 23:17:22 [info]: Clients search results for query: Chris
2024-05-28 23:17:22 [info]: Clients search results for query: Chris
2024-05-28 23:17:31 [info]: Client updated successfully: Chris Wilson
2024-05-28 23:17:31 [info]: Client updated successfully: Chris Wilson
2024-05-28 23:28:27 [info]: Clients search results for query: cli
2024-05-28 23:28:27 [info]: Clients search results for query: cli
2024-05-28 23:28:27 [info]: Clients search results for query: clie
2024-05-28 23:28:27 [info]: Clients search results for query: clie
2024-05-28 23:28:27 [info]: Clients search results for query: clien
2024-05-28 23:28:27 [info]: Clients search results for query: clien
2024-05-28 23:28:27 [info]: Clients search results for query: client
2024-05-28 23:28:27 [info]: Clients search results for query: client
2024-05-28 23:28:34 [info]: Client updated successfully: Test Clients 1
2024-05-28 23:28:34 [info]: Client updated successfully: Test Clients 1
2024-05-28 23:28:46 [info]: Client updated successfully: Test Clients 1
2024-05-28 23:38:03 [info]: Clients search results for query: Chr
2024-05-28 23:38:03 [info]: Clients search results for query: Chr
2024-05-28 23:38:03 [info]: Clients search results for query: Chri
2024-05-28 23:38:03 [info]: Clients search results for query: Chri
2024-05-28 23:38:03 [info]: Clients search results for query: Chris
2024-05-28 23:38:03 [info]: Clients search results for query: Chris
2024-05-28 23:38:09 [info]: Client updated successfully: Chris Wilson
2024-05-28 23:38:09 [info]: Client updated successfully: Chris Wilson
2024-05-29 13:14:04 [info]: Clients search results for query: Chr
2024-05-29 13:14:04 [info]: Clients search results for query: Chr
2024-05-29 13:14:04 [info]: Clients search results for query: Chri
2024-05-29 13:14:04 [info]: Clients search results for query: Chri
2024-05-29 13:14:04 [info]: Clients search results for query: Chris
2024-05-29 13:14:04 [info]: Clients search results for query: Chris
2024-05-29 13:14:11 [info]: Client updated successfully: Chris Wilson
2024-05-29 13:14:11 [info]: Client updated successfully: Chris Wilson
2024-05-29 13:48:23 [info]: Clients search results for query: chr
2024-05-29 13:48:23 [info]: Clients search results for query: chr
2024-05-29 13:48:23 [info]: Clients search results for query: chri
2024-05-29 13:48:23 [info]: Clients search results for query: chri
2024-05-29 13:48:23 [info]: Clients search results for query: chris
2024-05-29 13:48:23 [info]: Clients search results for query: chris
2024-05-29 13:48:31 [info]: Client updated successfully: Chris Wilson
2024-05-29 13:48:31 [info]: Client updated successfully: Chris Wilson
2024-05-29 14:04:39 [info]: Clients search results for query: Chr
2024-05-29 14:04:39 [info]: Clients search results for query: Chr
2024-05-29 14:04:39 [info]: Clients search results for query: Chri
2024-05-29 14:04:39 [info]: Clients search results for query: Chri
2024-05-29 14:04:39 [info]: Clients search results for query: Chris
2024-05-29 14:04:39 [info]: Clients search results for query: Chris
2024-05-29 14:04:46 [info]: Client updated successfully: Chris Wilson
2024-05-29 14:04:46 [info]: Client updated successfully: Chris Wilson
2024-05-29 15:06:54 [info]: User information updated successfully for userId: 66504b0b8f4e536753caf09c
2024-05-29 15:06:54 [info]: User information updated successfully for userId: 66504b0b8f4e536753caf09c
2024-05-29 21:23:48 [info]: User information updated successfully for userId: 6657d3019f23b9cc6af24e9d
2024-05-29 21:23:48 [info]: User information updated successfully for userId: 6657d3019f23b9cc6af24e9d
2024-05-29 21:23:56 [info]: User information updated successfully for userId: 6657d3019f23b9cc6af24e9d
2024-05-29 21:23:56 [info]: User information updated successfully for userId: 6657d3019f23b9cc6af24e9d
2024-05-29 21:24:07 [info]: User information updated successfully for userId: 6657d3019f23b9cc6af24e9d
2024-05-29 21:24:07 [info]: User information updated successfully for userId: 6657d3019f23b9cc6af24e9d
2024-05-29 21:24:43 [info]: User information updated successfully for userId: 6657d3019f23b9cc6af24e9d
2024-05-29 21:24:43 [info]: User information updated successfully for userId: 6657d3019f23b9cc6af24e9d
2024-05-29 22:32:35 [info]: User information updated successfully for userId: 6657d3019f23b9cc6af24e9d
2024-05-29 22:32:35 [info]: User information updated successfully for userId: 6657d3019f23b9cc6af24e9d
2024-05-29 23:03:01 [info]: User information updated successfully for userId: 6657d3019f23b9cc6af24e9d
2024-05-29 23:03:01 [info]: User information updated successfully for userId: 6657d3019f23b9cc6af24e9d
2024-05-30 00:15:05 [info]: Client deleted successfully: Test Clients 1
2024-05-30 11:47:23 [info]: Customers search completed with query: Chr
2024-05-30 11:47:23 [info]: Customers search completed with query: Chri
2024-05-30 11:47:23 [info]: Customers search completed with query: Chris
2024-05-30 11:50:54 [info]: Customers search completed with query: Chr
2024-05-30 11:50:54 [info]: Customers search completed with query: Chri
2024-05-30 11:50:54 [info]: Customers search completed with query: Chris
2024-05-30 11:50:54 [info]: Customers search completed with query: Chris 
2024-05-30 11:55:07 [info]: Customers search completed with query: Chr
2024-05-30 11:55:07 [info]: Customers search completed with query: Chri
2024-05-30 11:55:07 [info]: Customers search completed with query: Chris
2024-05-30 12:13:01 [info]: Customers search completed with query: Chr
2024-05-30 12:13:01 [info]: Customers search completed with query: Chri
2024-05-30 12:13:01 [info]: Customers search completed with query: Chris
2024-05-30 12:20:09 [info]: Customers search completed with query: Chr
2024-05-30 12:20:09 [info]: Customers search completed with query: Chri
2024-05-30 12:20:09 [info]: Customers search completed with query: Chris
2024-05-30 12:25:54 [info]: Customers search completed with query: Chr
2024-05-30 12:25:54 [info]: Customers search completed with query: Chri
2024-05-30 12:25:54 [info]: Customers search completed with query: Chris
2024-05-30 12:36:42 [info]: Customers search completed with query: Chr
2024-05-30 12:36:43 [info]: Customers search completed with query: Chri
2024-05-30 12:36:43 [info]: Customers search completed with query: Chris
2024-05-30 12:38:08 [info]: Customers search completed with query: Chr
2024-05-30 12:38:08 [info]: Customers search completed with query: Chri
2024-05-30 12:38:08 [info]: Customers search completed with query: Chris
2024-05-30 12:39:02 [info]: Customers search completed with query: Chr
2024-05-30 12:39:02 [info]: Customers search completed with query: Chri
2024-05-30 12:39:02 [info]: Customers search completed with query: Chris
2024-05-30 12:45:43 [info]: Customers search completed with query: Chr
2024-05-30 12:45:43 [info]: Customers search completed with query: Chri
2024-05-30 12:45:43 [info]: Customers search completed with query: Chris
2024-05-30 12:48:54 [info]: Customers search completed with query: chr
2024-05-30 12:48:54 [info]: Customers search completed with query: chri
2024-05-30 12:48:54 [info]: Customers search completed with query: chris
2024-05-30 13:32:46 [info]: Customers search completed with query: chr
2024-05-30 13:32:46 [info]: Customers search completed with query: chri
2024-05-30 13:32:46 [info]: Customers search completed with query: chris
2024-05-30 13:32:46 [info]: Customers search completed with query: chri
2024-05-30 13:32:47 [info]: Customers search completed with query: chr
2024-05-30 13:44:53 [info]: Customers search completed with query: Chr
2024-05-30 13:44:53 [info]: Customers search completed with query: Chri
2024-05-30 13:44:53 [info]: Customers search completed with query: Chris
2024-05-30 13:47:53 [info]: Customers search completed with query: Chr
2024-05-30 13:47:53 [info]: Customers search completed with query: Chri
2024-05-30 13:47:53 [info]: Customers search completed with query: Chris
2024-05-30 13:59:04 [info]: Client deleted successfully: Chris Smith
2024-05-30 14:00:40 [info]: Customers search completed with query: dfs
2024-05-30 14:00:42 [info]: Customers search completed with query: dfsg
2024-05-30 14:00:46 [info]: Customers search completed with query: chr
2024-05-30 14:00:46 [info]: Customers search completed with query: chri
2024-05-30 14:00:46 [info]: Customers search completed with query: chris
2024-05-30 15:28:00 [info]: Clients search results for query: Chr
2024-05-30 15:28:00 [info]: Clients search results for query: Chr
2024-05-30 15:28:01 [info]: Clients search results for query: Chri
2024-05-30 15:28:01 [info]: Clients search results for query: Chri
2024-05-30 15:28:01 [info]: Clients search results for query: Chris
2024-05-30 15:28:01 [info]: Clients search results for query: Chris
2024-05-30 15:30:17 [info]: Clients search results for query: Chr
2024-05-30 15:30:17 [info]: Clients search results for query: Chr
2024-05-30 15:30:17 [info]: Clients search results for query: Chri
2024-05-30 15:30:17 [info]: Clients search results for query: Chri
2024-05-30 15:30:17 [info]: Clients search results for query: Chris
2024-05-30 15:30:17 [info]: Clients search results for query: Chris
2024-05-30 16:01:16 [info]: Clients search results for query: chr
2024-05-30 16:01:16 [info]: Clients search results for query: chr
2024-05-30 16:01:16 [info]: Clients search results for query: chri
2024-05-30 16:01:16 [info]: Clients search results for query: chri
2024-05-30 16:01:17 [info]: Clients search results for query: chris
2024-05-30 16:01:17 [info]: Clients search results for query: chris
2024-05-30 16:11:46 [info]: Clients search results for query: sdf
2024-05-30 16:11:50 [info]: Clients search results for query: Chr
2024-05-30 16:11:50 [info]: Clients search results for query: Chri
2024-05-30 16:11:50 [info]: Clients search results for query: Chris
2024-05-30 16:15:21 [info]: Clients search results for query: Chr
2024-05-30 16:15:22 [info]: Clients search results for query: Chri
2024-05-30 16:15:22 [info]: Clients search results for query: Chris
2024-05-30 16:16:10 [info]: Clients search results for query: Chr
2024-05-30 16:16:10 [info]: Clients search results for query: Chr
2024-05-30 16:16:10 [info]: Clients search results for query: Chri
2024-05-30 16:16:10 [info]: Clients search results for query: Chri
2024-05-30 16:16:10 [info]: Clients search results for query: Chris
2024-05-30 16:16:10 [info]: Clients search results for query: Chris
2024-05-30 16:16:17 [info]: Client updated successfully: Chris Wilson
2024-05-30 16:16:17 [info]: Client updated successfully: Chris Wilson
2024-05-30 17:08:01 [info]: Clients search results for query: Chr
2024-05-30 17:08:01 [info]: Clients search results for query: Chri
2024-05-30 17:08:01 [info]: Clients search results for query: Chris
2024-05-30 17:09:26 [info]: Clients search results for query: Chr
2024-05-30 17:09:27 [info]: Clients search results for query: Chri
2024-05-30 17:09:27 [info]: Clients search results for query: Chris
2024-05-30 17:11:18 [info]: Clients search results for query: Chr
2024-05-30 17:11:18 [info]: Clients search results for query: Chri
2024-05-30 17:11:18 [info]: Clients search results for query: Chris
2024-05-30 17:15:22 [info]: Clients search results for query: Chr
2024-05-30 17:15:22 [info]: Clients search results for query: Chri
2024-05-30 17:15:22 [info]: Clients search results for query: Chris
2024-05-30 17:26:42 [info]: Clients search results for query: Chr
2024-05-30 17:26:42 [info]: Clients search results for query: Chr
2024-05-30 17:26:42 [info]: Clients search results for query: Chri
2024-05-30 17:26:42 [info]: Clients search results for query: Chri
2024-05-30 17:26:42 [info]: Clients search results for query: Chris
2024-05-30 17:26:42 [info]: Clients search results for query: Chris
2024-05-30 17:27:38 [info]: Clients search results for query: car
2024-05-30 17:27:38 [info]: Clients search results for query: car
2024-05-30 17:27:38 [info]: Clients search results for query: carl
2024-05-30 17:27:38 [info]: Clients search results for query: carl
2024-05-30 17:27:43 [info]: Clients search results for query: chr
2024-05-30 17:27:43 [info]: Clients search results for query: chr
2024-05-30 17:27:43 [info]: Clients search results for query: chri
2024-05-30 17:27:43 [info]: Clients search results for query: chri
2024-05-30 17:27:43 [info]: Clients search results for query: chris
2024-05-30 17:27:43 [info]: Clients search results for query: chris
2024-05-30 17:27:49 [info]: Clients search results for query: chr
2024-05-30 17:27:49 [info]: Clients search results for query: chr
2024-05-30 17:27:49 [info]: Clients search results for query: chri
2024-05-30 17:27:49 [info]: Clients search results for query: chri
2024-05-30 17:27:49 [info]: Clients search results for query: chris
2024-05-30 17:27:49 [info]: Clients search results for query: chris
2024-05-30 17:30:11 [info]: Clients search results for query: chr
2024-05-30 17:30:11 [info]: Clients search results for query: chr
2024-05-30 17:30:11 [info]: Clients search results for query: chri
2024-05-30 17:30:11 [info]: Clients search results for query: chri
2024-05-30 17:30:12 [info]: Clients search results for query: chris
2024-05-30 17:30:12 [info]: Clients search results for query: chris
2024-05-30 17:35:00 [info]: Clients search results for query: Chr
2024-05-30 17:35:00 [info]: Clients search results for query: Chr
2024-05-30 17:35:00 [info]: Clients search results for query: Chri
2024-05-30 17:35:00 [info]: Clients search results for query: Chri
2024-05-30 17:35:00 [info]: Clients search results for query: Chris
2024-05-30 17:35:00 [info]: Clients search results for query: Chris
2024-05-30 17:40:14 [info]: Clients search results for query: chr
2024-05-30 17:40:14 [info]: Clients search results for query: chr
2024-05-30 17:40:14 [info]: Clients search results for query: chri
2024-05-30 17:40:14 [info]: Clients search results for query: chri
2024-05-30 17:40:14 [info]: Clients search results for query: chris
2024-05-30 17:40:14 [info]: Clients search results for query: chris
2024-05-30 17:42:15 [info]: Clients search results for query: Chr
2024-05-30 17:42:15 [info]: Clients search results for query: Chr
2024-05-30 17:42:15 [info]: Clients search results for query: Chri
2024-05-30 17:42:15 [info]: Clients search results for query: Chri
2024-05-30 17:42:15 [info]: Clients search results for query: Chris
2024-05-30 17:42:15 [info]: Clients search results for query: Chris
2024-05-30 17:45:56 [info]: Clients search results for query: chr
2024-05-30 17:45:56 [info]: Clients search results for query: chr
2024-05-30 17:52:50 [info]: Clients search results for query: Chr
2024-05-30 17:52:50 [info]: Clients search results for query: Chr
2024-05-30 17:52:50 [info]: Clients search results for query: Chri
2024-05-30 17:52:50 [info]: Clients search results for query: Chri
2024-05-30 17:52:50 [info]: Clients search results for query: Chris
2024-05-30 17:52:50 [info]: Clients search results for query: Chris
2024-05-31 09:05:32 [info]: Clients search results for query: Chr
2024-05-31 09:05:32 [info]: Clients search results for query: Chr
2024-05-31 09:05:32 [info]: Clients search results for query: Chri
2024-05-31 09:05:32 [info]: Clients search results for query: Chri
2024-05-31 09:05:32 [info]: Clients search results for query: Chris
2024-05-31 09:05:32 [info]: Clients search results for query: Chris
2024-05-31 09:08:09 [info]: Clients search results for query: Chr
2024-05-31 09:08:09 [info]: Clients search results for query: Chr
2024-05-31 09:08:09 [info]: Clients search results for query: Chri
2024-05-31 09:08:09 [info]: Clients search results for query: Chri
2024-05-31 09:08:09 [info]: Clients search results for query: Chris
2024-05-31 09:08:09 [info]: Clients search results for query: Chris
2024-05-31 09:28:29 [info]: Clients search results for query: Chr
2024-05-31 09:28:29 [info]: Clients search results for query: Chr
2024-05-31 09:28:29 [info]: Clients search results for query: Chri
2024-05-31 09:28:29 [info]: Clients search results for query: Chri
2024-05-31 09:28:29 [info]: Clients search results for query: Chris
2024-05-31 09:28:29 [info]: Clients search results for query: Chris
2024-05-31 09:52:07 [info]: Clients search results for query: Chr
2024-05-31 09:52:07 [info]: Clients search results for query: Chr
2024-05-31 09:52:07 [info]: Clients search results for query: Chri
2024-05-31 09:52:07 [info]: Clients search results for query: Chri
2024-05-31 09:52:07 [info]: Clients search results for query: Chris
2024-05-31 09:52:07 [info]: Clients search results for query: Chris
2024-05-31 13:23:31 [info]: Clients search results for query: Chr
2024-05-31 13:23:31 [info]: Clients search results for query: Chr
2024-05-31 13:23:31 [info]: Clients search results for query: Chri
2024-05-31 13:23:31 [info]: Clients search results for query: Chri
2024-05-31 13:23:31 [info]: Clients search results for query: Chris
2024-05-31 13:23:31 [info]: Clients search results for query: Chris
2024-05-31 13:33:48 [info]: Clients search results for query: Chr
2024-05-31 13:33:48 [info]: Clients search results for query: Chr
2024-05-31 13:33:49 [info]: Clients search results for query: Chri
2024-05-31 13:33:49 [info]: Clients search results for query: Chri
2024-05-31 13:33:49 [info]: Clients search results for query: Chris
2024-05-31 13:33:49 [info]: Clients search results for query: Chris
2024-05-31 13:38:35 [info]: Clients search results for query: chr
2024-05-31 13:38:35 [info]: Clients search results for query: chr
2024-05-31 13:38:35 [info]: Clients search results for query: chri
2024-05-31 13:38:35 [info]: Clients search results for query: chri
2024-05-31 13:38:35 [info]: Clients search results for query: chris
2024-05-31 13:38:35 [info]: Clients search results for query: chris
2024-05-31 17:34:31 [info]: Clients search results for query: Chr
2024-05-31 17:34:31 [info]: Clients search results for query: Chr
2024-05-31 17:34:31 [info]: Clients search results for query: Chri
2024-05-31 17:34:31 [info]: Clients search results for query: Chri
2024-05-31 17:34:31 [info]: Clients search results for query: Chris
2024-05-31 17:34:31 [info]: Clients search results for query: Chris
2024-05-31 17:48:04 [info]: Clients search results for query: chr
2024-05-31 17:48:04 [info]: Clients search results for query: chr
2024-05-31 17:48:04 [info]: Clients search results for query: chri
2024-05-31 17:48:04 [info]: Clients search results for query: chri
2024-05-31 17:48:05 [info]: Clients search results for query: chris
2024-05-31 17:48:05 [info]: Clients search results for query: chris
2024-05-31 17:48:32 [info]: Clients search results for query: chr
2024-05-31 17:48:32 [info]: Clients search results for query: chr
2024-05-31 17:48:32 [info]: Clients search results for query: chri
2024-05-31 17:48:32 [info]: Clients search results for query: chri
2024-05-31 17:48:32 [info]: Clients search results for query: chris
2024-05-31 17:48:32 [info]: Clients search results for query: chris
2024-05-31 18:12:51 [info]: Clients search results for query: Chr
2024-05-31 18:12:51 [info]: Clients search results for query: Chr
2024-05-31 18:12:51 [info]: Clients search results for query: Chri
2024-05-31 18:12:51 [info]: Clients search results for query: Chri
2024-05-31 18:12:51 [info]: Clients search results for query: Chris
2024-05-31 18:12:51 [info]: Clients search results for query: Chris
2024-05-31 18:31:53 [info]: Clients search results for query: Chr
2024-05-31 18:31:53 [info]: Clients search results for query: Chr
2024-05-31 18:31:53 [info]: Clients search results for query: Chri
2024-05-31 18:31:53 [info]: Clients search results for query: Chri
2024-05-31 18:31:53 [info]: Clients search results for query: Chris
2024-05-31 18:31:53 [info]: Clients search results for query: Chris
2024-05-31 18:34:39 [info]: Clients search results for query: Chr
2024-05-31 18:34:39 [info]: Clients search results for query: Chr
2024-05-31 18:34:39 [info]: Clients search results for query: Chri
2024-05-31 18:34:39 [info]: Clients search results for query: Chri
2024-05-31 18:34:39 [info]: Clients search results for query: Chris
2024-05-31 18:34:39 [info]: Clients search results for query: Chris
2024-05-31 18:34:54 [info]: Clients search results for query: Kyl
2024-05-31 18:34:54 [info]: Clients search results for query: Kyl
2024-05-31 18:34:54 [info]: Clients search results for query: Kyle
2024-05-31 18:34:54 [info]: Clients search results for query: Kyle
2024-05-31 18:35:35 [info]: New client created: Kyle
2024-05-31 18:35:35 [error]: MongoServerError: E11000 duplicate key error collection: myDb.clients index: email_1 dup key: { email: "kyle@kyle.com" }
    at InsertOneOperation.execute (C:\Users\Chris\Documents\Code\gpt-pilot\workspace\cleaning-tools\node_modules\mongodb\lib\operations\insert.js:51:19)
    at process.processTicksAndRejections (node:internal/process/task_queues:95:5)
    at async executeOperation (C:\Users\Chris\Documents\Code\gpt-pilot\workspace\cleaning-tools\node_modules\mongodb\lib\operations\execute_operation.js:136:16)
    at async Collection.insertOne (C:\Users\Chris\Documents\Code\gpt-pilot\workspace\cleaning-tools\node_modules\mongodb\lib\collection.js:155:16)
2024-05-31 18:35:44 [info]: Clients search results for query: Chr
2024-05-31 18:35:44 [info]: Clients search results for query: Chr
2024-05-31 18:35:44 [info]: Clients search results for query: Chri
2024-05-31 18:35:44 [info]: Clients search results for query: Chri
2024-05-31 18:35:44 [info]: Clients search results for query: Chris
2024-05-31 18:35:44 [info]: Clients search results for query: Chris
2024-05-31 18:39:49 [info]: Clients search results for query: Chr
2024-05-31 18:39:49 [info]: Clients search results for query: Chr
2024-05-31 18:39:49 [info]: Clients search results for query: Chri
2024-05-31 18:39:49 [info]: Clients search results for query: Chri
2024-05-31 18:39:49 [info]: Clients search results for query: Chris
2024-05-31 18:39:49 [info]: Clients search results for query: Chris
2024-05-31 19:36:26 [info]: Clients search results for query: Chr
2024-05-31 19:36:26 [info]: Clients search results for query: Chr
2024-05-31 19:36:26 [info]: Clients search results for query: Chri
2024-05-31 19:36:26 [info]: Clients search results for query: Chri
2024-05-31 19:36:26 [info]: Clients search results for query: Chris
2024-05-31 19:36:26 [info]: Clients search results for query: Chris
2024-05-31 19:42:04 [info]: Clients search results for query: Chr
2024-05-31 19:42:04 [info]: Clients search results for query: Chr
2024-05-31 19:42:04 [info]: Clients search results for query: Chri
2024-05-31 19:42:04 [info]: Clients search results for query: Chri
2024-05-31 19:42:04 [info]: Clients search results for query: Chris
2024-05-31 19:42:04 [info]: Clients search results for query: Chris
2024-05-31 19:58:17 [info]: Clients search results for query: XCh
2024-05-31 19:58:17 [info]: Clients search results for query: XCh
2024-05-31 19:58:18 [info]: Clients search results for query: Chr
2024-05-31 19:58:18 [info]: Clients search results for query: Chr
2024-05-31 19:58:18 [info]: Clients search results for query: Chri
2024-05-31 19:58:18 [info]: Clients search results for query: Chri
2024-05-31 19:58:18 [info]: Clients search results for query: Chris
2024-05-31 19:58:18 [info]: Clients search results for query: Chris
2024-05-31 20:02:27 [info]: Clients search results for query: Chr
2024-05-31 20:02:27 [info]: Clients search results for query: Chr
2024-05-31 20:02:27 [info]: Clients search results for query: Chri
2024-05-31 20:02:27 [info]: Clients search results for query: Chri
2024-05-31 20:02:27 [info]: Clients search results for query: Chris
2024-05-31 20:02:27 [info]: Clients search results for query: Chris
2024-05-31 20:10:57 [info]: Clients search results for query: Chr
2024-05-31 20:10:57 [info]: Clients search results for query: Chr
2024-05-31 20:10:57 [info]: Clients search results for query: Chri
2024-05-31 20:10:57 [info]: Clients search results for query: Chri
2024-05-31 20:10:57 [info]: Clients search results for query: Chris
2024-05-31 20:10:57 [info]: Clients search results for query: Chris
2024-05-31 20:17:43 [info]: Clients search results for query: Chr
2024-05-31 20:17:43 [info]: Clients search results for query: Chr
2024-05-31 20:17:43 [info]: Clients search results for query: Chri
2024-05-31 20:17:43 [info]: Clients search results for query: Chri
2024-05-31 20:17:43 [info]: Clients search results for query: Chris
2024-05-31 20:17:43 [info]: Clients search results for query: Chris
2024-05-31 20:21:44 [info]: Clients search results for query: chr
2024-05-31 20:21:44 [info]: Clients search results for query: chr
2024-05-31 20:21:44 [info]: Clients search results for query: chri
2024-05-31 20:21:44 [info]: Clients search results for query: chri
2024-05-31 20:21:44 [info]: Clients search results for query: chris
2024-05-31 20:21:44 [info]: Clients search results for query: chris
2024-05-31 20:39:24 [info]: Clients search results for query: Chr
2024-05-31 20:39:24 [info]: Clients search results for query: Chr
2024-05-31 20:39:24 [info]: Clients search results for query: Chri
2024-05-31 20:39:24 [info]: Clients search results for query: Chri
2024-05-31 20:39:24 [info]: Clients search results for query: Chris
2024-05-31 20:39:24 [info]: Clients search results for query: Chris
2024-05-31 20:45:18 [info]: Clients search results for query: Chr
2024-05-31 20:45:18 [info]: Clients search results for query: Chr
2024-05-31 20:45:18 [info]: Clients search results for query: Chri
2024-05-31 20:45:18 [info]: Clients search results for query: Chri
2024-05-31 20:45:18 [info]: Clients search results for query: Chris
2024-05-31 20:45:18 [info]: Clients search results for query: Chris
2024-05-31 20:55:23 [info]: Clients search results for query: Chr
2024-05-31 20:55:23 [info]: Clients search results for query: Chr
2024-05-31 20:55:23 [info]: Clients search results for query: Chri
2024-05-31 20:55:23 [info]: Clients search results for query: Chri
2024-05-31 20:55:23 [info]: Clients search results for query: Chris
2024-05-31 20:55:23 [info]: Clients search results for query: Chris
2024-05-31 20:59:03 [info]: Clients search results for query: Chr
2024-05-31 20:59:03 [info]: Clients search results for query: Chr
2024-05-31 20:59:03 [info]: Clients search results for query: Chri
2024-05-31 20:59:03 [info]: Clients search results for query: Chri
2024-05-31 20:59:03 [info]: Clients search results for query: Chris
2024-05-31 20:59:03 [info]: Clients search results for query: Chris
2024-05-31 21:07:46 [info]: Clients search results for query: Chr
2024-05-31 21:07:46 [info]: Clients search results for query: Chr
2024-05-31 21:07:46 [info]: Clients search results for query: Chri
2024-05-31 21:07:46 [info]: Clients search results for query: Chri
2024-05-31 21:07:46 [info]: Clients search results for query: Chris
2024-05-31 21:07:46 [info]: Clients search results for query: Chris
2024-05-31 21:12:04 [info]: Clients search results for query: Chr
2024-05-31 21:12:04 [info]: Clients search results for query: Chri
2024-05-31 21:12:04 [info]: Clients search results for query: Chris
2024-05-31 21:23:18 [info]: Clients search results for query: Chr
2024-05-31 21:23:18 [info]: Clients search results for query: Chri
2024-05-31 21:23:18 [info]: Clients search results for query: Chris
2024-05-31 21:24:34 [info]: Clients search results for query: chr
2024-05-31 21:24:34 [info]: Clients search results for query: chri
2024-05-31 21:24:34 [info]: Clients search results for query: chris
2024-05-31 22:24:43 [info]: Clients search results for query: Chr
2024-05-31 22:24:43 [info]: Clients search results for query: Chri
2024-05-31 22:24:43 [info]: Clients search results for query: Chris
2024-05-31 22:31:09 [info]: Clients search results for query: Chr
2024-05-31 22:31:09 [info]: Clients search results for query: Chri
2024-05-31 22:31:09 [info]: Clients search results for query: Chris
2024-05-31 22:32:30 [info]: Clients search results for query: chr
2024-05-31 22:32:30 [info]: Clients search results for query: chri
2024-05-31 22:32:30 [info]: Clients search results for query: chris
2024-05-31 22:40:31 [info]: Clients search results for query: Chr
2024-05-31 22:40:31 [info]: Clients search results for query: Chri
2024-05-31 22:40:31 [info]: Clients search results for query: Chris
2024-05-31 22:45:58 [info]: Clients search results for query: Chr
2024-05-31 22:45:58 [info]: Clients search results for query: Chri
2024-05-31 22:45:58 [info]: Clients search results for query: Chris
2024-05-31 22:46:58 [info]: Clients search results for query: Chr
2024-05-31 22:46:58 [info]: Clients search results for query: Chri
2024-05-31 22:46:58 [info]: Clients search results for query: Chris
2024-05-31 22:47:16 [info]: Clients search results for query: Chr
2024-05-31 22:47:16 [info]: Clients search results for query: Chri
2024-05-31 22:47:16 [info]: Clients search results for query: Chris
2024-05-31 22:48:15 [info]: Clients search results for query: Chris Wilson
2024-05-31 22:48:28 [info]: Clients search results for query: Chr
2024-05-31 22:48:28 [info]: Clients search results for query: Chri
2024-05-31 22:48:28 [info]: Clients search results for query: Chris
2024-05-31 22:49:57 [info]: Clients search results for query: Chr
2024-05-31 22:49:57 [info]: Clients search results for query: Chri
2024-05-31 22:49:57 [info]: Clients search results for query: Chris
2024-05-31 22:52:02 [info]: Clients search results for query: Chj
2024-05-31 22:52:02 [info]: Clients search results for query: Chjr
2024-05-31 22:52:02 [info]: Clients search results for query: Chjri
2024-05-31 22:52:02 [info]: Clients search results for query: Chjriu
2024-05-31 22:52:02 [info]: Clients search results for query: Chjrius
2024-05-31 22:52:02 [info]: Clients search results for query: Chjriu
2024-05-31 22:52:03 [info]: Clients search results for query: Chjri
2024-05-31 22:52:03 [info]: Clients search results for query: Chjr
2024-05-31 22:52:03 [info]: Clients search results for query: Chj
2024-05-31 22:52:04 [info]: Clients search results for query: Chr
2024-05-31 22:54:04 [info]: Clients search results for query: chr
2024-05-31 22:54:04 [info]: Clients search results for query: chri
2024-05-31 22:54:04 [info]: Clients search results for query: chriu
2024-05-31 22:54:05 [info]: Clients search results for query: chri
2024-05-31 22:54:05 [info]: Clients search results for query: chris
2024-05-31 22:57:32 [info]: Clients search results for query: chr
2024-05-31 23:03:22 [info]: Clients search results for query: Chr
2024-05-31 23:03:22 [info]: Clients search results for query: Chr
2024-05-31 23:03:22 [info]: Clients search results for query: Chri
2024-05-31 23:03:22 [info]: Clients search results for query: Chri
2024-05-31 23:03:22 [info]: Clients search results for query: Chris
2024-05-31 23:03:22 [info]: Clients search results for query: Chris
2024-06-01 10:15:30 [info]: Clients search results for query: Chr
2024-06-01 10:15:30 [info]: Clients search results for query: Chri
2024-06-01 10:15:30 [info]: Clients search results for query: Chris
2024-06-01 10:16:03 [info]: Clients search results for query: Chr
2024-06-01 10:16:03 [info]: Clients search results for query: Chri
2024-06-01 10:16:04 [info]: Clients search results for query: Chris
2024-06-01 10:29:04 [info]: Clients search results for query: chr
2024-06-01 10:29:04 [info]: Clients search results for query: chri
2024-06-01 10:29:04 [info]: Clients search results for query: chris
2024-06-01 10:34:26 [info]: Clients search results for query: chr
2024-06-01 10:34:27 [info]: Clients search results for query: chri
2024-06-01 10:34:27 [info]: Clients search results for query: chris
2024-06-01 12:31:05 [info]: Clients search results for query: Chr
2024-06-01 12:31:05 [info]: Clients search results for query: Chri
2024-06-01 12:31:05 [info]: Clients search results for query: Chris
2024-06-01 12:45:15 [info]: Clients search results for query: Chr
2024-06-01 12:45:15 [info]: Clients search results for query: Chri
2024-06-01 12:45:15 [info]: Clients search results for query: Chris
2024-06-01 14:16:57 [info]: Clients search results for query: Chr
2024-06-01 14:16:57 [info]: Clients search results for query: Chri
2024-06-01 14:16:57 [info]: Clients search results for query: Chris
2024-06-01 14:17:30 [info]: Clients search results for query: Chris Wilson
2024-06-01 14:18:29 [info]: Clients search results for query: Chr
2024-06-01 14:18:29 [info]: Clients search results for query: Chri
2024-06-01 14:18:29 [info]: Clients search results for query: Chris
2024-06-01 14:24:31 [info]: Clients search results for query: Chr
2024-06-01 14:24:31 [info]: Clients search results for query: Chri
2024-06-01 14:24:31 [info]: Clients search results for query: Chris
2024-06-01 14:25:30 [info]: Clients search results for query: chr
2024-06-01 14:25:30 [info]: Clients search results for query: chri
2024-06-01 14:25:30 [info]: Clients search results for query: chris
2024-06-01 14:28:21 [info]: Clients search results for query: Chr
2024-06-01 14:28:21 [info]: Clients search results for query: Chri
2024-06-01 14:28:21 [info]: Clients search results for query: Chris
2024-06-01 18:07:28 [info]: Clients search results for query: Chr
2024-06-01 18:07:28 [info]: Clients search results for query: Chri
2024-06-01 18:07:28 [info]: Clients search results for query: Chris
2024-06-01 18:15:49 [info]: Clients search results for query: Chr
2024-06-01 18:15:49 [info]: Clients search results for query: Chri
2024-06-01 18:15:49 [info]: Clients search results for query: Chris
2024-06-01 18:25:01 [info]: Clients search results for query: Chr
2024-06-01 18:25:01 [info]: Clients search results for query: Chri
2024-06-01 18:25:01 [info]: Clients search results for query: Chris
2024-06-01 18:59:58 [info]: Clients search results for query: Chr
2024-06-01 18:59:59 [info]: Clients search results for query: Chri
2024-06-01 18:59:59 [info]: Clients search results for query: Chris
2024-06-01 18:59:59 [info]: Clients search results for query: Chris
2024-06-01 19:04:20 [info]: Clients search results for query: Chr
2024-06-01 19:04:20 [info]: Clients search results for query: Chri
2024-06-01 19:04:20 [info]: Clients search results for query: Chris
2024-06-01 19:09:05 [info]: Clients search results for query: Chr
2024-06-01 19:09:05 [info]: Clients search results for query: Chri
2024-06-01 19:09:05 [info]: Clients search results for query: Chris
2024-06-01 19:10:11 [info]: Clients search results for query: Chr
2024-06-01 19:10:11 [info]: Clients search results for query: Chri
2024-06-01 19:10:11 [info]: Clients search results for query: Chris
2024-06-01 20:14:13 [info]: Clients search results for query: Thi
2024-06-01 20:14:13 [info]: Clients search results for query: This
2024-06-01 20:14:14 [info]: Clients search results for query: Thi
2024-06-01 20:14:17 [info]: Clients search results for query: Mac
2024-06-01 20:14:17 [info]: Clients search results for query: Macy
2024-06-01 20:14:50 [info]: New client created: Macy Vaught
2024-06-01 20:21:24 [info]: Clients search results for query: Mac
2024-06-01 20:21:25 [info]: Clients search results for query: Macy
2024-06-01 20:25:54 [info]: Clients search results for query: Mac
2024-06-01 20:25:54 [info]: Clients search results for query: Macy
2024-06-01 20:31:10 [info]: Clients search results for query: Mac
2024-06-01 20:31:11 [info]: Clients search results for query: Macy
2024-06-01 20:40:01 [info]: Clients search results for query: Mac
2024-06-01 20:40:01 [info]: Clients search results for query: Macy
2024-06-01 20:45:20 [info]: Clients search results for query: May
2024-06-01 20:45:21 [info]: Clients search results for query: Mac
2024-06-01 20:45:21 [info]: Clients search results for query: Macy
2024-06-01 20:48:36 [info]: Clients search results for query: Mac
2024-06-01 20:48:36 [info]: Clients search results for query: Macy
2024-06-01 20:53:17 [info]: Clients search results for query: Mac
2024-06-01 20:53:17 [info]: Clients search results for query: Macy
2024-06-01 21:17:52 [info]: Clients search results for query: Chr
2024-06-01 21:17:52 [info]: Clients search results for query: Chri
2024-06-01 21:17:52 [info]: Clients search results for query: Chris
2024-06-01 21:21:51 [info]: Clients search results for query: Chr
2024-06-01 21:21:51 [info]: Clients search results for query: Chri
2024-06-01 21:21:51 [info]: Clients search results for query: Chris
2024-06-01 21:27:08 [info]: Clients search results for query: Chr
2024-06-01 21:27:09 [info]: Clients search results for query: Chri
2024-06-01 21:27:09 [info]: Clients search results for query: Chris
